<?xml version="1.0" encoding="UTF-8"?>
<testng-results skipped="0" failed="0" ignored="0" total="2" passed="2">
  <reporter-output>
  </reporter-output>
  <suite name="Suite" duration-ms="54666" started-at="2019-05-10T08:22:13Z" finished-at="2019-05-10T08:23:08Z">
    <groups>
    </groups>
    <test name="Test chrome" duration-ms="40767" started-at="2019-05-10T08:22:13Z" finished-at="2019-05-10T08:22:54Z">
      <class name="sample.test1">
        <test-method status="PASS" signature="testSetUp(java.lang.String)[pri:0, instance:sample.test1@1686d1f]" name="testSetUp" is-config="true" duration-ms="14754" started-at="2019-05-10T08:22:13Z" finished-at="2019-05-10T08:22:28Z">
          <params>
            <param index="0">
              <value>
                <![CDATA[chrome]]>
              </value>
            </param>
          </params>
          <reporter-output>
          </reporter-output>
        </test-method> <!-- testSetUp -->
        <test-method status="PASS" signature="verifyTittle()[pri:0, instance:sample.test1@1686d1f]" name="verifyTittle" duration-ms="24676" started-at="2019-05-10T08:22:28Z" finished-at="2019-05-10T08:22:53Z">
          <reporter-output>
          </reporter-output>
        </test-method> <!-- verifyTittle -->
        <test-method status="PASS" signature="tearDown()[pri:0, instance:sample.test1@1686d1f]" name="tearDown" is-config="true" duration-ms="1289" started-at="2019-05-10T08:22:53Z" finished-at="2019-05-10T08:22:54Z">
          <reporter-output>
          </reporter-output>
        </test-method> <!-- tearDown -->
      </class> <!-- sample.test1 -->
    </test> <!-- Test chrome -->
    <test name="Test ff" duration-ms="54666" started-at="2019-05-10T08:22:13Z" finished-at="2019-05-10T08:23:08Z">
      <class name="sample.test1">
        <test-method status="PASS" signature="testSetUp(java.lang.String)[pri:0, instance:sample.test1@bfbc86]" name="testSetUp" is-config="true" duration-ms="33608" started-at="2019-05-10T08:22:13Z" finished-at="2019-05-10T08:22:47Z">
          <params>
            <param index="0">
              <value>
                <![CDATA[firefox]]>
              </value>
            </param>
          </params>
          <reporter-output>
          </reporter-output>
        </test-method> <!-- testSetUp -->
        <test-method status="PASS" signature="verifyTittle()[pri:0, instance:sample.test1@bfbc86]" name="verifyTittle" duration-ms="17494" started-at="2019-05-10T08:22:47Z" finished-at="2019-05-10T08:23:05Z">
          <reporter-output>
          </reporter-output>
        </test-method> <!-- verifyTittle -->
        <test-method status="PASS" signature="tearDown()[pri:0, instance:sample.test1@bfbc86]" name="tearDown" is-config="true" duration-ms="3559" started-at="2019-05-10T08:23:05Z" finished-at="2019-05-10T08:23:08Z">
          <reporter-output>
          </reporter-output>
        </test-method> <!-- tearDown -->
      </class> <!-- sample.test1 -->
    </test> <!-- Test ff -->
  </suite> <!-- Suite -->
</testng-results>
